<?xml version="1.0" encoding="UTF-8"?>
<testng-results ignored="0" total="4" passed="4" failed="0" skipped="0">
  <reporter-output>
  </reporter-output>
  <suite started-at="2022-09-19T06:38:07 TRT" name="Surefire suite" finished-at="2022-09-19T06:38:39 TRT" duration-ms="32592">
    <groups>
    </groups>
    <test started-at="2022-09-19T06:38:07 TRT" name="Surefire test" finished-at="2022-09-19T06:38:39 TRT" duration-ms="32592">
      <class name="com.lely.CatalogDetailTest">
        <test-method signature="DisplayCatalogs()[pri:0, instance:com.lely.CatalogDetailTest@2f112965]" started-at="2022-09-19T06:38:07 TRT" name="DisplayCatalogs" finished-at="2022-09-19T06:38:15 TRT" duration-ms="8467" status="PASS">
          <reporter-output>
          </reporter-output>
        </test-method> <!-- DisplayCatalogs -->
        <test-method signature="DownloadCatalog()[pri:0, instance:com.lely.CatalogDetailTest@2f112965]" started-at="2022-09-19T06:38:15 TRT" name="DownloadCatalog" finished-at="2022-09-19T06:38:27 TRT" duration-ms="11548" status="PASS">
          <reporter-output>
          </reporter-output>
        </test-method> <!-- DownloadCatalog -->
        <test-method signature="Navigate()[pri:0, instance:com.lely.CatalogDetailTest@2f112965]" started-at="2022-09-19T06:38:27 TRT" name="Navigate" finished-at="2022-09-19T06:38:35 TRT" duration-ms="7713" status="PASS">
          <reporter-output>
          </reporter-output>
        </test-method> <!-- Navigate -->
        <test-method signature="SelectCatalog()[pri:0, instance:com.lely.CatalogDetailTest@2f112965]" started-at="2022-09-19T06:38:35 TRT" name="SelectCatalog" finished-at="2022-09-19T06:38:39 TRT" duration-ms="4832" status="PASS">
          <reporter-output>
          </reporter-output>
        </test-method> <!-- SelectCatalog -->
      </class> <!-- com.lely.CatalogDetailTest -->
    </test> <!-- Surefire test -->
  </suite> <!-- Surefire suite -->
</testng-results>
