<?xml version="1.0" encoding="UTF-8"?>
<!-- Generated by org.testng.reporters.JUnitXMLReporter -->
<testsuite ignored="0" hostname="LAPTOP-1699KS6B" failures="0" tests="4" name="Surefire test" time="32.592" errors="0" timestamp="2022-09-19T06:38:39 TRT">
  <testcase classname="com.lely.CatalogDetailTest" name="DisplayCatalogs" time="8.467"/>
  <testcase classname="com.lely.CatalogDetailTest" name="DownloadCatalog" time="11.548"/>
  <testcase classname="com.lely.CatalogDetailTest" name="Navigate" time="7.713"/>
  <testcase classname="com.lely.CatalogDetailTest" name="SelectCatalog" time="4.832"/>
</testsuite> <!-- Surefire test -->
